<?xml version="1.0" encoding="UTF-8"?>
<!-- Generated by org.testng.reporters.JUnitReportReporter -->
<testsuite hostname="DESKTOP-E9O47MM" failures="0" tests="1" name="amazoneTest.amazonShoppingWorkflow" time="56.290" errors="0" timestamp="2024-04-02T12:52:25 IST" skipped="0">
  <testcase classname="amazoneTest.amazonShoppingWorkflow" name="amazoneWorkflow" time="56.290"/>
  <system-out/>
</testsuite> <!-- amazoneTest.amazonShoppingWorkflow -->
